c:\users\b013432f\documents\uniwork_ai\gameai\gameai\debug\vc140.pdb
c:\users\b013432f\documents\uniwork_ai\gameai\gameai\debug\vc140.idb
c:\users\b013432f\documents\uniwork_ai\gameai\gameai\debug\levelmap.obj
c:\users\b013432f\documents\uniwork_ai\gameai\gameai\debug\mine.obj
c:\users\b013432f\documents\uniwork_ai\gameai\gameai\debug\obstaclemanager.obj
c:\users\b013432f\documents\uniwork_ai\gameai\gameai\debug\b013432f_collisionmanager.obj
c:\users\b013432f\documents\uniwork_ai\gameai\gameai\debug\b013432f_astar.obj
c:\users\b013432f\documents\uniwork_ai\gameai\gameai\debug\b013432f_behaviours.obj
c:\users\b013432f\documents\uniwork_ai\gameai\gameai\debug\b013432f_fusmmanager.obj
c:\users\b013432f\documents\uniwork_ai\gameai\gameai\debug\b013432f_tank.obj
c:\users\b013432f\documents\uniwork_ai\gameai\gameai\debug\pickupmanager.obj
c:\users\b013432f\documents\uniwork_ai\gameai\gameai\debug\projectile.obj
c:\users\b013432f\documents\uniwork_ai\gameai\gameai\debug\projectilemanager.obj
c:\users\b013432f\documents\uniwork_ai\gameai\gameai\debug\source.obj
c:\users\b013432f\documents\uniwork_ai\gameai\gameai\debug\tankmanager.obj
c:\users\b013432f\documents\uniwork_ai\gameai\gameai\debug\texture2d.obj
c:\users\b013432f\documents\uniwork_ai\gameai\gameai\debug\tinystr.obj
c:\users\b013432f\documents\uniwork_ai\gameai\gameai\debug\tinyxml.obj
c:\users\b013432f\documents\uniwork_ai\gameai\gameai\debug\tinyxmlerror.obj
c:\users\b013432f\documents\uniwork_ai\gameai\gameai\debug\tinyxmlparser.obj
c:\users\b013432f\documents\uniwork_ai\gameai\gameai\debug\waypoint.obj
c:\users\b013432f\documents\uniwork_ai\gameai\gameai\debug\waypointmanager.obj
c:\users\b013432f\documents\uniwork_ai\gameai\gameai\debug\basetank.obj
c:\users\b013432f\documents\uniwork_ai\gameai\gameai\debug\collisions.obj
c:\users\b013432f\documents\uniwork_ai\gameai\gameai\debug\controlledtank.obj
c:\users\b013432f\documents\uniwork_ai\gameai\gameai\debug\dumbtank.obj
c:\users\b013432f\documents\uniwork_ai\gameai\gameai\debug\gameobject.obj
c:\users\b013432f\documents\uniwork_ai\gameai\gameai\debug\gamescreen.obj
c:\users\b013432f\documents\uniwork_ai\gameai\gameai\debug\gamescreenlevel1.obj
c:\users\b013432f\documents\uniwork_ai\gameai\gameai\debug\gamescreenmanager.obj
c:\users\b013432f\documents\uniwork_ai\gameai\debug\gameai.ilk
c:\users\b013432f\documents\uniwork_ai\gameai\debug\gameai.exe
c:\users\b013432f\documents\uniwork_ai\gameai\debug\gameai.pdb
c:\users\b013432f\documents\uniwork_ai\gameai\gameai\debug\b013432f_pathfinding.obj
c:\users\b013432f\documents\uniwork_ai\gameai\gameai\debug\b013432f_astar.obj.enc
c:\users\b013432f\documents\uniwork_ai\gameai\gameai\debug\b013432f_behaviours.obj.enc
c:\users\b013432f\documents\uniwork_ai\gameai\gameai\debug\b013432f_collisionmanager.obj.enc
c:\users\b013432f\documents\uniwork_ai\gameai\gameai\debug\gameai.tlog\cl.command.1.tlog
c:\users\b013432f\documents\uniwork_ai\gameai\gameai\debug\gameai.tlog\cl.read.1.tlog
c:\users\b013432f\documents\uniwork_ai\gameai\gameai\debug\gameai.tlog\cl.write.1.tlog
c:\users\b013432f\documents\uniwork_ai\gameai\gameai\debug\gameai.tlog\link.command.1.tlog
c:\users\b013432f\documents\uniwork_ai\gameai\gameai\debug\gameai.tlog\link.read.1.tlog
c:\users\b013432f\documents\uniwork_ai\gameai\gameai\debug\gameai.tlog\link.write.1.tlog
