  WaypointManager.cpp
  Waypoint.cpp
  tinyxmlparser.cpp
  tinyxmlerror.cpp
  tinyxml.cpp
  tinystr.cpp
  Texture2D.cpp
  TankManager.cpp
d:\documents\work repos\uniwork_ai\gameai\gameai\tankmanager.cpp(172): warning C4800: 'int': forcing value to bool 'true' or 'false' (performance warning)
d:\documents\work repos\uniwork_ai\gameai\gameai\tankmanager.cpp(173): warning C4800: 'int': forcing value to bool 'true' or 'false' (performance warning)
  Source.cpp
  ProjectileManager.cpp
  Projectile.cpp
  PickUpManager.cpp
  B013432f_Tank.cpp
  B013432f_Behaviours.cpp
  ObstacleManager.cpp
  Mine.cpp
  LevelMap.cpp
  GameScreenManager.cpp
  GameScreenLevel1.cpp
  GameScreen.cpp
  Generating Code...
  Compiling...
  GameObject.cpp
d:\documents\work repos\uniwork_ai\gameai\gameai\gameobject.cpp(76): warning C4244: 'initializing': conversion from 'double' to 'float', possible loss of data
d:\documents\work repos\uniwork_ai\gameai\gameai\gameobject.cpp(77): warning C4244: 'initializing': conversion from 'double' to 'float', possible loss of data
d:\documents\work repos\uniwork_ai\gameai\gameai\gameobject.cpp(79): warning C4244: 'initializing': conversion from 'double' to 'float', possible loss of data
d:\documents\work repos\uniwork_ai\gameai\gameai\gameobject.cpp(80): warning C4244: 'initializing': conversion from 'double' to 'float', possible loss of data
d:\documents\work repos\uniwork_ai\gameai\gameai\gameobject.cpp(130): warning C4244: 'argument': conversion from 'double' to 'float', possible loss of data
  DumbTank.cpp
  ControlledTank.cpp
  Collisions.cpp
d:\documents\work repos\uniwork_ai\gameai\gameai\collisions.cpp(95): warning C4244: 'initializing': conversion from 'double' to 'float', possible loss of data
d:\documents\work repos\uniwork_ai\gameai\gameai\collisions.cpp(96): warning C4244: 'initializing': conversion from 'double' to 'float', possible loss of data
d:\documents\work repos\uniwork_ai\gameai\gameai\collisions.cpp(97): warning C4244: 'initializing': conversion from 'double' to 'float', possible loss of data
d:\documents\work repos\uniwork_ai\gameai\gameai\collisions.cpp(98): warning C4244: 'initializing': conversion from 'double' to 'float', possible loss of data
d:\documents\work repos\uniwork_ai\gameai\gameai\collisions.cpp(99): warning C4244: 'initializing': conversion from 'double' to 'float', possible loss of data
  BaseTank.cpp
d:\documents\work repos\uniwork_ai\gameai\gameai\basetank.cpp(849): warning C4244: '=': conversion from 'double' to 'float', possible loss of data
d:\documents\work repos\uniwork_ai\gameai\gameai\basetank.cpp(850): warning C4244: '=': conversion from 'double' to 'float', possible loss of data
  Generating Code...
  GameAI.vcxproj -> D:\Documents\Work Repos\UniWork_AI\GameAI\Debug\GameAI.exe
  GameAI.vcxproj -> D:\Documents\Work Repos\UniWork_AI\GameAI\Debug\GameAI.pdb (Full PDB)
